

HI-TECH Software PIC LITE Macro Assembler V9.81 build 7503 
                                                                                               Sat Aug 13 12:55:32 2022

HI-TECH Software Omniscient Code Generator (Lite mode) build 7503
     1  0000                     opt subtitle "HI-TECH Software Omniscient Code Generator (Lite mode) build 7503"
     2                           
     3                           opt pagewidth 120
     4                           
     5                           	opt lm
     6                           
     7                           	processor	16F877A
     8                           clrc	macro
     9                           	bcf	3,0
    10  0000                     	endm
    11                           clrz	macro
    12                           	bcf	3,2
    13  0000                     	endm
    14                           setc	macro
    15                           	bsf	3,0
    16  0000                     	endm
    17                           setz	macro
    18                           	bsf	3,2
    19  0000                     	endm
    20                           skipc	macro
    21                           	btfss	3,0
    22  0000                     	endm
    23                           skipz	macro
    24                           	btfss	3,2
    25  0000                     	endm
    26                           skipnc	macro
    27                           	btfsc	3,0
    28  0000                     	endm
    29                           skipnz	macro
    30                           	btfsc	3,2
    31  0000                     	endm
    32  0000                     indf	equ	0
    33  0000                     indf0	equ	0
    34  0002                     pc	equ	2
    35  0002                     pcl	equ	2
    36  0003                     status	equ	3
    37  0004                     fsr	equ	4
    38  0004                     fsr0	equ	4
    39  0001                     c	equ	1
    40  0000                     z	equ	0
    41  000A                     pclath	equ	10
    42                           # 4 "C:\Users\r_m_a\Desktop\PWM\5-8-22PWM\sample.c"
    43                           	psect config,class=CONFIG,delta=2 ;#
    44                           # 4 "C:\Users\r_m_a\Desktop\PWM\5-8-22PWM\sample.c"
    45  2007  1F7A               	dw 0x1F7A ;#
    46                           	FNCALL	_main,_delay
    47                           	FNROOT	_main
    48                           	global	_CCP1CON
    49                           psect	text60,local,class=CODE,delta=2
    50                           global __ptext60
    51  0000                     __ptext60:
    52  0017                     _CCP1CON	set	23
    53                           	global	_CCPR1L
    54  0015                     _CCPR1L	set	21
    55                           	global	_T1CON
    56  0010                     _T1CON	set	16
    57                           	global	_T2CON
    58  0012                     _T2CON	set	18
    59                           	global	_TMR1H
    60  000F                     _TMR1H	set	15
    61                           	global	_TMR1L
    62  000E                     _TMR1L	set	14
    63                           	global	_TMR1IF
    64  0060                     _TMR1IF	set	96
    65                           	global	_TMR1ON
    66  0080                     _TMR1ON	set	128
    67                           	global	_PR2
    68  0092                     _PR2	set	146
    69                           	global	_TRISC2
    70  043A                     _TRISC2	set	1082
    71                           	file	"SAMPLE.as"
    72                           	line	#
    73                           psect cinit,class=CODE,delta=2
    74                           global start_initialization
    75  0787                     start_initialization:
    76                           
    77                           psect cinit,class=CODE,delta=2
    78                           global end_of_initialization
    79                           
    80                           ;End of C runtime variable initialization code
    81                           
    82  0787                     end_of_initialization:
    83  0787  0183               clrf status
    84  0788  120A  118A  2F9B   ljmp _main	;jump to C main() function
    85                           psect	cstackCOMMON,class=COMMON,space=1
    86                           global __pcstackCOMMON
    87  0070                     __pcstackCOMMON:
    88                           	global	?_delay
    89  0070                     ?_delay:	; 0 bytes @ 0x0
    90                           	global	??_delay
    91  0070                     ??_delay:	; 0 bytes @ 0x0
    92                           	global	??_main
    93  0070                     ??_main:	; 0 bytes @ 0x0
    94                           	global	?_main
    95  0070                     ?_main:	; 2 bytes @ 0x0
    96  0070                     	ds	1
    97                           	global	main@i
    98  0071                     main@i:	; 1 bytes @ 0x1
    99  0071                     	ds	1
   100 ;;Data sizes: Strings 0, constant 0, data 0, bss 0, persistent 0 stack 0
   101 ;;Auto spaces:   Size  Autos    Used
   102 ;; COMMON          14      2       2
   103 ;; BANK0           80      0       0
   104 ;; BANK1           80      0       0
   105 ;; BANK3           96      0       0
   106 ;; BANK2           96      0       0
   107                           
   108 ;;
   109 ;; Pointer list with targets:
   110                           
   111                           
   112                           
   113 ;;
   114 ;; Critical Paths under _main in COMMON
   115 ;;
   116 ;;   None.
   117 ;;
   118 ;; Critical Paths under _main in BANK0
   119 ;;
   120 ;;   None.
   121 ;;
   122 ;; Critical Paths under _main in BANK1
   123 ;;
   124 ;;   None.
   125 ;;
   126 ;; Critical Paths under _main in BANK3
   127 ;;
   128 ;;   None.
   129 ;;
   130 ;; Critical Paths under _main in BANK2
   131 ;;
   132 ;;   None.
   133                           
   134 ;;
   135 ;;Main: autosize = 0, tempsize = 1, incstack = 0, save=0
   136 ;;
   137                           
   138 ;;
   139 ;;Call Graph Tables:
   140 ;;
   141 ;; ---------------------------------------------------------------------------------
   142 ;; (Depth) Function   	        Calls       Base Space   Used Autos Params    Refs
   143 ;; ---------------------------------------------------------------------------------
   144 ;; (0) _main                                                 2     2      0      30
   145 ;;                                              0 COMMON     2     2      0
   146 ;;                              _delay
   147 ;; ---------------------------------------------------------------------------------
   148 ;; (1) _delay                                                0     0      0       0
   149 ;; ---------------------------------------------------------------------------------
   150 ;; Estimated maximum stack depth 1
   151 ;; ---------------------------------------------------------------------------------
   152                           
   153 ;; Call Graph Graphs:
   154                           
   155 ;; _main (ROOT)
   156 ;;   _delay
   157 ;;
   158                           
   159 ;; Address spaces:
   160                           
   161 ;;Name               Size   Autos  Total    Cost      Usage
   162 ;;BITCOMMON            E      0       0       0        0.0%
   163 ;;EEDATA             100      0       0       0        0.0%
   164 ;;NULL                 0      0       0       0        0.0%
   165 ;;CODE                 0      0       0       0        0.0%
   166 ;;COMMON               E      2       2       1       14.3%
   167 ;;BITSFR0              0      0       0       1        0.0%
   168 ;;SFR0                 0      0       0       1        0.0%
   169 ;;BITSFR1              0      0       0       2        0.0%
   170 ;;SFR1                 0      0       0       2        0.0%
   171 ;;STACK                0      0       1       2        0.0%
   172 ;;ABS                  0      0       0       3        0.0%
   173 ;;BITBANK0            50      0       0       4        0.0%
   174 ;;BITSFR3              0      0       0       4        0.0%
   175 ;;SFR3                 0      0       0       4        0.0%
   176 ;;BANK0               50      0       0       5        0.0%
   177 ;;BITSFR2              0      0       0       5        0.0%
   178 ;;SFR2                 0      0       0       5        0.0%
   179 ;;BITBANK1            50      0       0       6        0.0%
   180 ;;BANK1               50      0       0       7        0.0%
   181 ;;BITBANK3            60      0       0       8        0.0%
   182 ;;BANK3               60      0       0       9        0.0%
   183 ;;BITBANK2            60      0       0      10        0.0%
   184 ;;BANK2               60      0       0      11        0.0%
   185 ;;DATA                 0      0       0      12        0.0%
   186                           
   187                           	global	_main
   188                           psect	maintext,global,class=CODE,delta=2
   189                           global __pmaintext
   190  079B                     __pmaintext:
   191                           
   192 ;; *************** function _main *****************
   193 ;; Defined at:
   194 ;;		line 19 in file "C:\Users\r_m_a\Desktop\PWM\5-8-22PWM\sample.c"
   195 ;; Parameters:    Size  Location     Type
   196 ;;		None
   197 ;; Auto vars:     Size  Location     Type
   198 ;;  i               1    1[COMMON] unsigned char 
   199 ;; Return value:  Size  Location     Type
   200 ;;                  2  690[COMMON] int 
   201 ;; Registers used:
   202 ;;		wreg, status,2, status,0, pclath, cstack
   203 ;; Tracked objects:
   204 ;;		On entry : 17F/0
   205 ;;		On exit  : 0/0
   206 ;;		Unchanged: 0/0
   207 ;; Data sizes:     COMMON   BANK0   BANK1   BANK3   BANK2
   208 ;;      Params:         0       0       0       0       0
   209 ;;      Locals:         1       0       0       0       0
   210 ;;      Temps:          1       0       0       0       0
   211 ;;      Totals:         2       0       0       0       0
   212 ;;Total ram usage:        2 bytes
   213 ;; Hardware stack levels required when called:    1
   214 ;; This function calls:
   215 ;;		_delay
   216 ;; This function is called by:
   217 ;;		Startup code after reset
   218 ;; This function uses a non-reentrant model
   219 ;;
   220                           psect	maintext
   221                           	file	"C:\Users\r_m_a\Desktop\PWM\5-8-22PWM\sample.c"
   222                           	line	19
   223                           	global	__size_of_main
   224  0065                     	__size_of_main	equ	__end_of_main-_main
   225                           	
   226  079B                     _main:	
   227                           	opt	stack 7
   228                           ; Regs used in _main: [wreg+status,2+status,0+pclath+cstack]
   229                           	line	20
   230                           	
   231  079B                     l1832:	
   232                           ;sample.c: 20: unsigned char i = 0;
   233  079B  01F1               	clrf	(main@i)
   234                           	line	21
   235                           ;sample.c: 21: TRISC2 = 0;
   236  079C  1683               	bsf	status, 5	;RP0=1, select bank1
   237  079D  1303               	bcf	status, 6	;RP1=0, select bank1
   238  079E  1107               	bcf	(1082/8)^080h,(1082)&7
   239                           	line	22
   240                           	
   241  079F                     l1834:	
   242                           ;sample.c: 22: CCP1CON = 0X0F;
   243  079F  300F               	movlw	(0Fh)
   244  07A0  1283               	bcf	status, 5	;RP0=0, select bank0
   245  07A1  1303               	bcf	status, 6	;RP1=0, select bank0
   246  07A2  0097               	movwf	(23)	;volatile
   247                           	line	23
   248                           ;sample.c: 23: PR2 = 0XFF;
   249  07A3  30FF               	movlw	(0FFh)
   250  07A4  1683               	bsf	status, 5	;RP0=1, select bank1
   251  07A5  1303               	bcf	status, 6	;RP1=0, select bank1
   252  07A6  0092               	movwf	(146)^080h	;volatile
   253                           	line	24
   254                           ;sample.c: 24: CCPR1L = 0X10;
   255  07A7  3010               	movlw	(010h)
   256  07A8  1283               	bcf	status, 5	;RP0=0, select bank0
   257  07A9  1303               	bcf	status, 6	;RP1=0, select bank0
   258  07AA  0095               	movwf	(21)	;volatile
   259                           	line	25
   260                           ;sample.c: 25: T2CON = 0X07;
   261  07AB  3007               	movlw	(07h)
   262  07AC  0092               	movwf	(18)	;volatile
   263                           	line	26
   264                           	
   265  07AD                     l1836:	
   266                           ;sample.c: 26: delay();
   267  07AD  120A  118A  278B   	fcall	_delay
              120A  118A         
   268                           	line	28
   269                           	
   270  07B2                     l1838:	
   271                           ;sample.c: 28: for(i=0;i<16;i++)
   272  07B2  01F1               	clrf	(main@i)
   273                           	
   274  07B3                     l1840:	
   275  07B3  3010               	movlw	(010h)
   276  07B4  0271               	subwf	(main@i),w
   277  07B5  1C03               	skipc
   278  07B6  2FB8               	goto	u2151
   279  07B7  2FB9               	goto	u2150
   280  07B8                     u2151:
   281  07B8  2FBB               	goto	l1844
   282  07B9                     u2150:
   283  07B9  2FFD               	goto	l693
   284                           	
   285  07BA                     l1842:	
   286  07BA  2FFD               	goto	l693
   287                           	line	29
   288                           	
   289  07BB                     l691:	
   290                           	line	30
   291                           	
   292  07BB                     l1844:	
   293                           ;sample.c: 29: {
   294                           ;sample.c: 30: CCPR1L=CCPR1L+0X10;
   295  07BB  1283               	bcf	status, 5	;RP0=0, select bank0
   296  07BC  1303               	bcf	status, 6	;RP1=0, select bank0
   297  07BD  0815               	movf	(21),w	;volatile
   298  07BE  3E10               	addlw	010h
   299  07BF  0095               	movwf	(21)	;volatile
   300                           	line	31
   301                           	
   302  07C0                     l1846:	
   303                           ;sample.c: 31: delay();
   304  07C0  120A  118A  278B   	fcall	_delay
              120A  118A         
   305                           	line	32
   306                           	
   307  07C5                     l1848:	
   308                           ;sample.c: 32: delay();
   309  07C5  120A  118A  278B   	fcall	_delay
              120A  118A         
   310                           	line	33
   311                           	
   312  07CA                     l1850:	
   313                           ;sample.c: 33: delay();
   314  07CA  120A  118A  278B   	fcall	_delay
              120A  118A         
   315                           	line	34
   316                           	
   317  07CF                     l1852:	
   318                           ;sample.c: 34: delay();
   319  07CF  120A  118A  278B   	fcall	_delay
              120A  118A         
   320                           	line	35
   321                           	
   322  07D4                     l1854:	
   323                           ;sample.c: 35: delay();
   324  07D4  120A  118A  278B   	fcall	_delay
              120A  118A         
   325                           	line	36
   326                           	
   327  07D9                     l1856:	
   328                           ;sample.c: 36: delay();
   329  07D9  120A  118A  278B   	fcall	_delay
              120A  118A         
   330                           	line	37
   331                           	
   332  07DE                     l1858:	
   333                           ;sample.c: 37: delay();
   334  07DE  120A  118A  278B   	fcall	_delay
              120A  118A         
   335                           	line	38
   336                           	
   337  07E3                     l1860:	
   338                           ;sample.c: 38: delay();
   339  07E3  120A  118A  278B   	fcall	_delay
              120A  118A         
   340                           	line	39
   341                           	
   342  07E8                     l1862:	
   343                           ;sample.c: 39: delay();
   344  07E8  120A  118A  278B   	fcall	_delay
              120A  118A         
   345                           	line	40
   346                           	
   347  07ED                     l1864:	
   348                           ;sample.c: 40: delay();
   349  07ED  120A  118A  278B   	fcall	_delay
              120A  118A         
   350                           	line	28
   351  07F2  3001               	movlw	(01h)
   352  07F3  00F0               	movwf	(??_main+0)+0
   353  07F4  0870               	movf	(??_main+0)+0,w
   354  07F5  07F1               	addwf	(main@i),f
   355                           	
   356  07F6                     l1866:	
   357  07F6  3010               	movlw	(010h)
   358  07F7  0271               	subwf	(main@i),w
   359  07F8  1C03               	skipc
   360  07F9  2FFB               	goto	u2161
   361  07FA  2FFC               	goto	u2160
   362  07FB                     u2161:
   363  07FB  2FBB               	goto	l1844
   364  07FC                     u2160:
   365  07FC  2FFD               	goto	l693
   366                           	
   367  07FD                     l692:	
   368                           	line	42
   369                           	
   370  07FD                     l693:	
   371                           	global	start
   372  07FD  120A  118A  2800   	ljmp	start
   373                           	opt stack 0
   374                           GLOBAL	__end_of_main
   375  0800                     	__end_of_main:
   376 ;; =============== function _main ends ============
   377                           
   378                           	signat	_main,90
   379                           	global	_delay
   380                           psect	text61,local,class=CODE,delta=2
   381                           global __ptext61
   382  078B                     __ptext61:
   383                           
   384 ;; *************** function _delay *****************
   385 ;; Defined at:
   386 ;;		line 9 in file "C:\Users\r_m_a\Desktop\PWM\5-8-22PWM\sample.c"
   387 ;; Parameters:    Size  Location     Type
   388 ;;		None
   389 ;; Auto vars:     Size  Location     Type
   390 ;;		None
   391 ;; Return value:  Size  Location     Type
   392 ;;		None               void
   393 ;; Registers used:
   394 ;;		wreg
   395 ;; Tracked objects:
   396 ;;		On entry : 0/0
   397 ;;		On exit  : 0/0
   398 ;;		Unchanged: 0/0
   399 ;; Data sizes:     COMMON   BANK0   BANK1   BANK3   BANK2
   400 ;;      Params:         0       0       0       0       0
   401 ;;      Locals:         0       0       0       0       0
   402 ;;      Temps:          0       0       0       0       0
   403 ;;      Totals:         0       0       0       0       0
   404 ;;Total ram usage:        0 bytes
   405 ;; Hardware stack levels used:    1
   406 ;; This function calls:
   407 ;;		Nothing
   408 ;; This function is called by:
   409 ;;		_main
   410 ;; This function uses a non-reentrant model
   411 ;;
   412                           psect	text61
   413                           	file	"C:\Users\r_m_a\Desktop\PWM\5-8-22PWM\sample.c"
   414                           	line	9
   415                           	global	__size_of_delay
   416  0010                     	__size_of_delay	equ	__end_of_delay-_delay
   417                           	
   418  078B                     _delay:	
   419                           	opt	stack 7
   420                           ; Regs used in _delay: [wreg]
   421                           	line	10
   422                           	
   423  078B                     l1062:	
   424                           ;sample.c: 10: T1CON = 0X30;
   425  078B  3030               	movlw	(030h)
   426  078C  1283               	bcf	status, 5	;RP0=0, select bank0
   427  078D  1303               	bcf	status, 6	;RP1=0, select bank0
   428  078E  0090               	movwf	(16)	;volatile
   429                           	line	11
   430                           ;sample.c: 11: TMR1H = 0X0B;
   431  078F  300B               	movlw	(0Bh)
   432  0790  008F               	movwf	(15)	;volatile
   433                           	line	12
   434                           ;sample.c: 12: TMR1L = 0XDC;
   435  0791  30DC               	movlw	(0DCh)
   436  0792  008E               	movwf	(14)	;volatile
   437                           	line	13
   438                           	
   439  0793                     l1064:	
   440                           ;sample.c: 13: TMR1ON=1;
   441  0793  1410               	bsf	(128/8),(128)&7
   442                           	line	14
   443                           ;sample.c: 14: while(TMR1IF==0);
   444  0794  2F95               	goto	l685
   445                           	
   446  0795                     l686:	
   447                           	
   448  0795                     l685:	
   449  0795  1C0C               	btfss	(96/8),(96)&7
   450  0796  2F98               	goto	u11
   451  0797  2F99               	goto	u10
   452  0798                     u11:
   453  0798  2F95               	goto	l685
   454  0799                     u10:
   455                           	
   456  0799                     l687:	
   457                           	line	15
   458                           ;sample.c: 15: TMR1IF = 0;
   459  0799  100C               	bcf	(96/8),(96)&7
   460                           	line	16
   461                           	
   462  079A                     l688:	
   463  079A  0008               	return
   464                           	opt stack 0
   465                           GLOBAL	__end_of_delay
   466  079B                     	__end_of_delay:
   467 ;; =============== function _delay ends ============
   468                           
   469                           	signat	_delay,88
   470                           psect	text62,local,class=CODE,delta=2
   471                           global __ptext62
   472  0000                     __ptext62:
   473                           	global	btemp
   474  007E                     	btemp set 07Eh
   475                           
   476                           	DABS	1,126,2	;btemp
   477                           	global	wtemp0
   478  007E                     	wtemp0 set btemp


HI-TECH Software PICC Macro Assembler V9.81 build 7503 
Symbol Table                                                                                   Sat Aug 13 12:55:32 2022

                  u10 0799                    u11 0798                   l691 07BB                   l692 07FD  
                 l685 0795                   l693 07FD                   l686 0795                   l687 0799  
                 l688 079A                   _PR2 0092                  l1062 078B                  l1064 0793  
                l1840 07B3                  l1832 079B                  l1850 07CA                  l1842 07BA  
                l1834 079F                  l1860 07E3                  l1852 07CF                  l1844 07BB  
                l1836 07AD                  l1862 07E8                  l1854 07D4                  l1846 07C0  
                l1838 07B2                  l1864 07ED                  l1856 07D9                  l1848 07C5  
                l1866 07F6                  l1858 07DE                  u2150 07B9                  u2151 07B8  
                u2160 07FC                  u2161 07FB                  _main 079B                  btemp 007E  
                start 0000                 ?_main 0070                 _T1CON 0010                 _T2CON 0012  
               _TMR1H 000F                 _TMR1L 000E                 _delay 078B                 main@i 0071  
               status 0003                 wtemp0 007E          __end_of_main 0800                ??_main 0070  
              ?_delay 0070                _CCPR1L 0015                _TMR1IF 0060                _TMR1ON 0080  
              _TRISC2 043A        __pcstackCOMMON 0070         __end_of_delay 079B               ??_delay 0070  
          __pmaintext 079B               _CCP1CON 0017  end_of_initialization 0787   start_initialization 0787  
      __size_of_delay 0010              __ptext60 0000              __ptext61 078B              __ptext62 0000  
       __size_of_main 0065  
